TN:
SF:src/index.ts
FN:42,(anonymous_0)
FN:80,(anonymous_1)
FN:103,(anonymous_2)
FN:105,(anonymous_3)
FN:113,(anonymous_4)
FN:118,(anonymous_5)
FN:130,(anonymous_6)
FN:171,(anonymous_7)
FN:200,(anonymous_8)
FN:235,(anonymous_9)
FN:271,(anonymous_10)
FN:307,(anonymous_11)
FNF:12
FNH:12
FNDA:50,(anonymous_0)
FNDA:16,(anonymous_1)
FNDA:59,(anonymous_2)
FNDA:13,(anonymous_3)
FNDA:11,(anonymous_4)
FNDA:5,(anonymous_5)
FNDA:6,(anonymous_6)
FNDA:3,(anonymous_7)
FNDA:6,(anonymous_8)
FNDA:7,(anonymous_9)
FNDA:5,(anonymous_10)
FNDA:9,(anonymous_11)
DA:43,50
DA:44,50
DA:45,50
DA:46,50
DA:47,50
DA:48,50
DA:49,50
DA:50,50
DA:51,50
DA:53,50
DA:57,50
DA:58,50
DA:59,50
DA:60,50
DA:61,50
DA:66,50
DA:67,50
DA:68,50
DA:69,50
DA:70,50
DA:71,50
DA:72,50
DA:82,16
DA:84,16
DA:85,16
DA:86,15
DA:87,15
DA:88,1
DA:90,14
DA:91,14
DA:92,14
DA:93,14
DA:96,2
DA:97,2
DA:99,16
DA:103,59
DA:106,13
DA:107,13
DA:114,11
DA:115,11
DA:119,5
DA:120,5
DA:131,6
DA:132,5
DA:133,4
DA:134,3
DA:136,2
DA:137,2
DA:138,2
DA:140,2
DA:154,2
DA:159,2
DA:160,2
DA:161,1
DA:163,1
DA:172,3
DA:174,2
DA:176,2
DA:183,2
DA:188,2
DA:189,2
DA:190,1
DA:192,1
DA:201,6
DA:202,5
DA:203,4
DA:204,3
DA:206,2
DA:208,2
DA:215,2
DA:220,2
DA:221,2
DA:222,1
DA:224,1
DA:236,7
DA:237,6
DA:238,5
DA:239,4
DA:240,3
DA:242,2
DA:244,2
DA:252,2
DA:257,2
DA:258,2
DA:259,1
DA:261,1
DA:272,5
DA:273,4
DA:274,3
DA:276,2
DA:278,2
DA:289,2
DA:294,2
DA:295,2
DA:296,1
DA:298,1
DA:308,9
DA:309,8
DA:310,7
DA:311,6
DA:312,5
DA:313,4
DA:314,3
DA:316,2
DA:318,2
DA:331,2
DA:336,2
DA:337,2
DA:338,1
DA:340,1
DA:345,1
LF:111
LH:111
BRDA:87,0,0,1
BRDA:88,1,0,1
BRDA:88,1,1,0
BRDA:91,2,0,14
BRDA:97,3,0,2
BRDA:97,3,1,0
BRDA:103,4,0,22
BRDA:103,4,1,37
BRDA:131,5,0,1
BRDA:132,6,0,1
BRDA:133,7,0,1
BRDA:134,8,0,1
BRDA:160,9,0,1
BRDA:172,10,0,1
BRDA:189,11,0,1
BRDA:201,12,0,1
BRDA:202,13,0,1
BRDA:203,14,0,1
BRDA:204,15,0,1
BRDA:221,16,0,1
BRDA:236,17,0,1
BRDA:237,18,0,1
BRDA:238,19,0,1
BRDA:239,20,0,1
BRDA:240,21,0,1
BRDA:258,22,0,1
BRDA:272,23,0,1
BRDA:273,24,0,1
BRDA:274,25,0,1
BRDA:295,26,0,1
BRDA:308,27,0,1
BRDA:309,28,0,1
BRDA:310,29,0,1
BRDA:311,30,0,1
BRDA:312,31,0,1
BRDA:313,32,0,1
BRDA:314,33,0,1
BRDA:337,34,0,1
BRF:38
BRH:36
end_of_record
